<?xml version="1.0" encoding="UTF-8"?>
<!-- Generated by org.testng.reporters.JUnitReportReporter -->
<testsuite name="com.api.RestAssuredNew.CRUD.Upload" tests="1" time="3.940" ignored="0" failures="0" timestamp="06 May 2022 11:44:52 GMT" skipped="0" hostname="AQMIT-LPT-10732" errors="0">
  <testcase name="UploadFile" time="3.940" classname="com.api.RestAssuredNew.CRUD.Upload"/>
</testsuite> <!-- com.api.RestAssuredNew.CRUD.Upload -->
