<?xml version="1.0" encoding="UTF-8"?>
<!-- Generated by org.testng.reporters.JUnitReportReporter -->
<testsuite name="com.api.RestAssuredNew.Test.TestPATCHPerson" tests="1" time="1.277" ignored="0" failures="0" timestamp="05 May 2022 11:34:14 GMT" skipped="0" hostname="AQMIT-LPT-10732" errors="0">
  <testcase name="testPatchPerson" time="1.277" classname="com.api.RestAssuredNew.Test.TestPATCHPerson"/>
</testsuite> <!-- com.api.RestAssuredNew.Test.TestPATCHPerson -->
