<?xml version="1.0" encoding="UTF-8"?>
<!-- Generated by org.testng.reporters.JUnitReportReporter -->
<testsuite name="com.api.RestAssuredNew.CRUD.RequestSpecDemo" tests="1" time="2.450" ignored="0" failures="0" timestamp="06 May 2022 09:37:43 GMT" skipped="0" hostname="AQMIT-LPT-10732" errors="0">
  <testcase name="tst2" time="2.450" classname="com.api.RestAssuredNew.CRUD.RequestSpecDemo"/>
</testsuite> <!-- com.api.RestAssuredNew.CRUD.RequestSpecDemo -->
