<?xml version="1.0" encoding="UTF-8"?>
<!-- Generated by org.testng.reporters.JUnitReportReporter -->
<testsuite name="com.api.RestAssuredNew.Test.TestPostPerson" tests="1" time="2.007" ignored="0" failures="0" timestamp="08 Jun 2022 04:57:43 GMT" skipped="0" hostname="AQMIT-LPT-10732" errors="0">
  <testcase name="testPOSTCreatePerson" time="2.007" classname="com.api.RestAssuredNew.Test.TestPostPerson"/>
</testsuite> <!-- com.api.RestAssuredNew.Test.TestPostPerson -->
