<?xml version="1.0" encoding="UTF-8"?>
<!-- Generated by org.testng.reporters.JUnitReportReporter -->
<testsuite name="com.api.RestAssuredNew.CRUD.DownloadFile" tests="1" time="2.340" ignored="0" failures="0" timestamp="06 May 2022 11:57:22 GMT" skipped="0" hostname="AQMIT-LPT-10732" errors="0">
  <testcase name="downloadFile" time="2.340" classname="com.api.RestAssuredNew.CRUD.DownloadFile"/>
</testsuite> <!-- com.api.RestAssuredNew.CRUD.DownloadFile -->
