<?xml version="1.0" encoding="UTF-8"?>
<!-- Generated by org.testng.reporters.JUnitReportReporter -->
<testsuite name="com.api.RestAssuredNew.Test.TestPostPerson" tests="1" time="1.325" ignored="0" failures="0" timestamp="05 May 2022 11:33:46 GMT" skipped="0" hostname="AQMIT-LPT-10732" errors="0">
  <testcase name="testPOSTCreatePerson" time="1.325" classname="com.api.RestAssuredNew.Test.TestPostPerson"/>
</testsuite> <!-- com.api.RestAssuredNew.Test.TestPostPerson -->
