<?xml version="1.0" encoding="UTF-8"?>
<!-- Generated by org.testng.reporters.JUnitReportReporter -->
<testsuite name="com.api.RestAssuredNew.CRUD.JsonPathdemo" tests="1" time="1.798" ignored="0" failures="0" timestamp="06 May 2022 06:00:51 GMT" skipped="0" hostname="AQMIT-LPT-10732" errors="0">
  <testcase name="get_Req1" time="1.798" classname="com.api.RestAssuredNew.CRUD.JsonPathdemo"/>
</testsuite> <!-- com.api.RestAssuredNew.CRUD.JsonPathdemo -->
