<?xml version="1.0" encoding="UTF-8"?>
<!-- Generated by org.testng.reporters.JUnitReportReporter -->
<testsuite name="com.api.RestAssuredNew.CRUD.getRequestDemo" tests="1" time="1.778" ignored="0" failures="0" timestamp="05 May 2022 06:49:53 GMT" skipped="0" hostname="AQMIT-LPT-10732" errors="0">
  <testcase name="get_Req" time="1.778" classname="com.api.RestAssuredNew.CRUD.getRequestDemo"/>
</testsuite> <!-- com.api.RestAssuredNew.CRUD.getRequestDemo -->
