<?xml version="1.0" encoding="UTF-8"?>
<!-- Generated by org.testng.reporters.JUnitReportReporter -->
<testsuite name="com.api.RestAssuredNew.CRUD.DeserializationDO" tests="1" time="1.318" ignored="0" failures="0" timestamp="06 May 2022 10:46:12 GMT" skipped="0" hostname="AQMIT-LPT-10732" errors="0">
  <testcase name="deserializationPost" time="1.318" classname="com.api.RestAssuredNew.CRUD.DeserializationDO"/>
</testsuite> <!-- com.api.RestAssuredNew.CRUD.DeserializationDO -->
