<?xml version="1.0" encoding="UTF-8"?>
<!-- Generated by org.testng.reporters.JUnitReportReporter -->
<testsuite name="com.api.RestAssuredNew.Test.TestGETPerson" tests="1" time="2.070" ignored="0" failures="0" timestamp="12 Jun 2022 14:50:30 GMT" skipped="0" hostname="AQMIT-LPT-10732" errors="0">
  <testcase name="testGetAllPersons" time="2.070" classname="com.api.RestAssuredNew.Test.TestGETPerson"/>
</testsuite> <!-- com.api.RestAssuredNew.Test.TestGETPerson -->
