<?xml version="1.0" encoding="UTF-8"?>
<!-- Generated by org.testng.reporters.JUnitReportReporter -->
<testsuite name="com.api.RestAssuredNew.CRUD.SerializationSOD" tests="1" time="1.391" ignored="0" failures="0" timestamp="06 May 2022 09:10:18 GMT" skipped="0" hostname="AQMIT-LPT-10732" errors="0">
  <testcase name="get_Req" time="1.391" classname="com.api.RestAssuredNew.CRUD.SerializationSOD"/>
</testsuite> <!-- com.api.RestAssuredNew.CRUD.SerializationSOD -->
