<?xml version="1.0" encoding="UTF-8"?>
<!-- Generated by org.testng.reporters.JUnitReportReporter -->
<testsuite name="com.api.RestAssuredNew.CRUD.UpdateUser" tests="1" time="5.443" ignored="0" failures="0" timestamp="06 May 2022 06:30:13 GMT" skipped="0" hostname="AQMIT-LPT-10732" errors="0">
  <testcase name="get_Req" time="5.443" classname="com.api.RestAssuredNew.CRUD.UpdateUser"/>
</testsuite> <!-- com.api.RestAssuredNew.CRUD.UpdateUser -->
