<?xml version="1.0" encoding="UTF-8"?>
<!-- Generated by org.testng.reporters.JUnitReportReporter -->
<testsuite name="com.api.RestAssuredNew.CRUD.CreateUser" tests="1" time="3.151" ignored="0" failures="0" timestamp="06 May 2022 12:27:58 GMT" skipped="0" hostname="AQMIT-LPT-10732" errors="0">
  <testcase name="get_Req" time="3.151" classname="com.api.RestAssuredNew.CRUD.CreateUser"/>
</testsuite> <!-- com.api.RestAssuredNew.CRUD.CreateUser -->
