<?xml version="1.0" encoding="UTF-8"?>
<!-- Generated by org.testng.reporters.JUnitReportReporter -->
<testsuite name="com.api.RestAssuredNew.Test.TestGETPerson" tests="1" time="0.836" ignored="0" failures="0" timestamp="05 May 2022 11:17:42 GMT" skipped="0" hostname="AQMIT-LPT-10732" errors="0">
  <testcase name="testGetAllPersons" time="0.836" classname="com.api.RestAssuredNew.Test.TestGETPerson"/>
</testsuite> <!-- com.api.RestAssuredNew.Test.TestGETPerson -->
